(0.062) 
                SELECT VERSION(),
                       @@sql_mode,
                       @@default_storage_engine,
                       @@sql_auto_is_null,
                       @@lower_case_table_names,
                       CONVERT_TZ('2001-01-01 01:00:00', 'UTC', 'UTC') IS NOT NULL
            ; args=None; alias=default
(0.047) SET SESSION TRANSACTION ISOLATION LEVEL READ COMMITTED; args=None; alias=default
(0.062) 
            SELECT
                table_name,
                table_type,
                table_comment
            FROM information_schema.tables
            WHERE table_schema = DATABASE()
            ; args=None; alias=default
(0.063) SELECT `django_migrations`.`id`, `django_migrations`.`app`, `django_migrations`.`name`, `django_migrations`.`applied` FROM `django_migrations`; args=(); alias=default
(0.047) 
                SELECT VERSION(),
                       @@sql_mode,
                       @@default_storage_engine,
                       @@sql_auto_is_null,
                       @@lower_case_table_names,
                       CONVERT_TZ('2001-01-01 01:00:00', 'UTC', 'UTC') IS NOT NULL
            ; args=None; alias=default
(0.063) SET SESSION TRANSACTION ISOLATION LEVEL READ COMMITTED; args=None; alias=default
(0.078) 
            SELECT
                table_name,
                table_type,
                table_comment
            FROM information_schema.tables
            WHERE table_schema = DATABASE()
            ; args=None; alias=default
(0.062) SELECT `django_migrations`.`id`, `django_migrations`.`app`, `django_migrations`.`name`, `django_migrations`.`applied` FROM `django_migrations`; args=(); alias=default
(0.062) 
                SELECT VERSION(),
                       @@sql_mode,
                       @@default_storage_engine,
                       @@sql_auto_is_null,
                       @@lower_case_table_names,
                       CONVERT_TZ('2001-01-01 01:00:00', 'UTC', 'UTC') IS NOT NULL
            ; args=None; alias=default
(0.063) SET SESSION TRANSACTION ISOLATION LEVEL READ COMMITTED; args=None; alias=default
(0.047) SELECT COUNT(*) AS `__count` FROM `categories`; args=(); alias=default
(0.047) SELECT `categories`.`id`, `categories`.`name` FROM `categories` LIMIT 6; args=(); alias=default
(0.031) 
                SELECT VERSION(),
                       @@sql_mode,
                       @@default_storage_engine,
                       @@sql_auto_is_null,
                       @@lower_case_table_names,
                       CONVERT_TZ('2001-01-01 01:00:00', 'UTC', 'UTC') IS NOT NULL
            ; args=None; alias=default
(0.047) SET SESSION TRANSACTION ISOLATION LEVEL READ COMMITTED; args=None; alias=default
(0.047) 
            SELECT
                table_name,
                table_type,
                table_comment
            FROM information_schema.tables
            WHERE table_schema = DATABASE()
            ; args=None; alias=default
(0.047) SELECT `django_migrations`.`id`, `django_migrations`.`app`, `django_migrations`.`name`, `django_migrations`.`applied` FROM `django_migrations`; args=(); alias=default
(0.047) 
                SELECT VERSION(),
                       @@sql_mode,
                       @@default_storage_engine,
                       @@sql_auto_is_null,
                       @@lower_case_table_names,
                       CONVERT_TZ('2001-01-01 01:00:00', 'UTC', 'UTC') IS NOT NULL
            ; args=None; alias=default
(0.047) SET SESSION TRANSACTION ISOLATION LEVEL READ COMMITTED; args=None; alias=default
(0.047) SELECT COUNT(*) AS `__count` FROM `books`; args=(); alias=default
(0.047) SELECT `books`.`id`, `books`.`title`, `books`.`author_id`, `books`.`category_id`, `books`.`publish_date`, `books`.`publish`, `books`.`description`, `books`.`genre`, `books`.`pages` FROM `books` LIMIT 10; args=(); alias=default
(0.046) SELECT `authors`.`id`, `authors`.`firstname`, `authors`.`lastname`, `authors`.`birth_date`, `authors`.`profile`, `authors`.`is_deleted`, `authors`.`created_at`, `authors`.`updated_at`, `authors`.`rate` FROM `authors` LIMIT 1000; args=(); alias=default
(0.047) SELECT `authors`.`id`, `authors`.`firstname`, `authors`.`lastname`, `authors`.`birth_date`, `authors`.`profile`, `authors`.`is_deleted`, `authors`.`created_at`, `authors`.`updated_at`, `authors`.`rate` FROM `authors`; args=(); alias=default
(0.094) SELECT `members`.`id`, `members`.`name`, `members`.`surname`, `members`.`email`, `members`.`gender`, `members`.`birth_date`, `members`.`age`, `members`.`role`, `members`.`is_active` FROM `members`; args=(); alias=default
(0.047) 
                SELECT VERSION(),
                       @@sql_mode,
                       @@default_storage_engine,
                       @@sql_auto_is_null,
                       @@lower_case_table_names,
                       CONVERT_TZ('2001-01-01 01:00:00', 'UTC', 'UTC') IS NOT NULL
            ; args=None; alias=default
(0.046) SET SESSION TRANSACTION ISOLATION LEVEL READ COMMITTED; args=None; alias=default
(0.032) 
            SELECT
                table_name,
                table_type,
                table_comment
            FROM information_schema.tables
            WHERE table_schema = DATABASE()
            ; args=None; alias=default
(0.047) SELECT `django_migrations`.`id`, `django_migrations`.`app`, `django_migrations`.`name`, `django_migrations`.`applied` FROM `django_migrations`; args=(); alias=default
(0.047) 
                SELECT VERSION(),
                       @@sql_mode,
                       @@default_storage_engine,
                       @@sql_auto_is_null,
                       @@lower_case_table_names,
                       CONVERT_TZ('2001-01-01 01:00:00', 'UTC', 'UTC') IS NOT NULL
            ; args=None; alias=default
(0.047) SET SESSION TRANSACTION ISOLATION LEVEL READ COMMITTED; args=None; alias=default
(0.062) 
            SELECT
                table_name,
                table_type,
                table_comment
            FROM information_schema.tables
            WHERE table_schema = DATABASE()
            ; args=None; alias=default
(0.031) SELECT `django_migrations`.`id`, `django_migrations`.`app`, `django_migrations`.`name`, `django_migrations`.`applied` FROM `django_migrations`; args=(); alias=default
(0.047) 
                SELECT VERSION(),
                       @@sql_mode,
                       @@default_storage_engine,
                       @@sql_auto_is_null,
                       @@lower_case_table_names,
                       CONVERT_TZ('2001-01-01 01:00:00', 'UTC', 'UTC') IS NOT NULL
            ; args=None; alias=default
(0.047) SET SESSION TRANSACTION ISOLATION LEVEL READ COMMITTED; args=None; alias=default
(0.047) SELECT COUNT(*) AS `__count` FROM `books`; args=(); alias=default
(0.047) SELECT `books`.`id`, `books`.`title`, `books`.`author_id`, `books`.`category_id`, `books`.`publish_date`, `books`.`publish`, `books`.`description`, `books`.`genre`, `books`.`pages` FROM `books` LIMIT 10; args=(); alias=default
(0.047) SELECT `authors`.`id`, `authors`.`firstname`, `authors`.`lastname`, `authors`.`birth_date`, `authors`.`profile`, `authors`.`is_deleted`, `authors`.`created_at`, `authors`.`updated_at`, `authors`.`rate` FROM `authors` LIMIT 1000; args=(); alias=default
(0.063) SELECT `authors`.`id`, `authors`.`firstname`, `authors`.`lastname`, `authors`.`birth_date`, `authors`.`profile`, `authors`.`is_deleted`, `authors`.`created_at`, `authors`.`updated_at`, `authors`.`rate` FROM `authors`; args=(); alias=default
(0.093) SELECT `members`.`id`, `members`.`name`, `members`.`surname`, `members`.`email`, `members`.`gender`, `members`.`birth_date`, `members`.`age`, `members`.`role`, `members`.`is_active` FROM `members`; args=(); alias=default
(0.032) SET SESSION TRANSACTION ISOLATION LEVEL READ COMMITTED; args=None; alias=default
(0.047) SELECT COUNT(*) AS `__count` FROM `books`; args=(); alias=default
(0.062) SELECT `books`.`id`, `books`.`title`, `books`.`author_id`, `books`.`category_id`, `books`.`publish_date`, `books`.`publish`, `books`.`description`, `books`.`genre`, `books`.`pages` FROM `books` LIMIT 10; args=(); alias=default
(0.047) SELECT `authors`.`id`, `authors`.`firstname`, `authors`.`lastname`, `authors`.`birth_date`, `authors`.`profile`, `authors`.`is_deleted`, `authors`.`created_at`, `authors`.`updated_at`, `authors`.`rate` FROM `authors` LIMIT 1000; args=(); alias=default
(0.047) SELECT `authors`.`id`, `authors`.`firstname`, `authors`.`lastname`, `authors`.`birth_date`, `authors`.`profile`, `authors`.`is_deleted`, `authors`.`created_at`, `authors`.`updated_at`, `authors`.`rate` FROM `authors`; args=(); alias=default
(0.094) SELECT `members`.`id`, `members`.`name`, `members`.`surname`, `members`.`email`, `members`.`gender`, `members`.`birth_date`, `members`.`age`, `members`.`role`, `members`.`is_active` FROM `members`; args=(); alias=default
(0.046) 
                SELECT VERSION(),
                       @@sql_mode,
                       @@default_storage_engine,
                       @@sql_auto_is_null,
                       @@lower_case_table_names,
                       CONVERT_TZ('2001-01-01 01:00:00', 'UTC', 'UTC') IS NOT NULL
            ; args=None; alias=default
(0.047) SET SESSION TRANSACTION ISOLATION LEVEL READ COMMITTED; args=None; alias=default
(0.047) 
            SELECT
                table_name,
                table_type,
                table_comment
            FROM information_schema.tables
            WHERE table_schema = DATABASE()
            ; args=None; alias=default
(0.047) SELECT `django_migrations`.`id`, `django_migrations`.`app`, `django_migrations`.`name`, `django_migrations`.`applied` FROM `django_migrations`; args=(); alias=default
(0.047) 
                SELECT VERSION(),
                       @@sql_mode,
                       @@default_storage_engine,
                       @@sql_auto_is_null,
                       @@lower_case_table_names,
                       CONVERT_TZ('2001-01-01 01:00:00', 'UTC', 'UTC') IS NOT NULL
            ; args=None; alias=default
(0.047) SET SESSION TRANSACTION ISOLATION LEVEL READ COMMITTED; args=None; alias=default
(0.047) 
            SELECT
                table_name,
                table_type,
                table_comment
            FROM information_schema.tables
            WHERE table_schema = DATABASE()
            ; args=None; alias=default
(0.063) SELECT `django_migrations`.`id`, `django_migrations`.`app`, `django_migrations`.`name`, `django_migrations`.`applied` FROM `django_migrations`; args=(); alias=default
(0.047) 
                SELECT VERSION(),
                       @@sql_mode,
                       @@default_storage_engine,
                       @@sql_auto_is_null,
                       @@lower_case_table_names,
                       CONVERT_TZ('2001-01-01 01:00:00', 'UTC', 'UTC') IS NOT NULL
            ; args=None; alias=default
(0.047) SET SESSION TRANSACTION ISOLATION LEVEL READ COMMITTED; args=None; alias=default
(0.047) SELECT `auth_user`.`id`, `auth_user`.`password`, `auth_user`.`last_login`, `auth_user`.`is_superuser`, `auth_user`.`username`, `auth_user`.`first_name`, `auth_user`.`last_name`, `auth_user`.`email`, `auth_user`.`is_staff`, `auth_user`.`is_active`, `auth_user`.`date_joined` FROM `auth_user` WHERE `auth_user`.`username` = 'admin' LIMIT 21; args=('admin',); alias=default
(0.047) 
                SELECT VERSION(),
                       @@sql_mode,
                       @@default_storage_engine,
                       @@sql_auto_is_null,
                       @@lower_case_table_names,
                       CONVERT_TZ('2001-01-01 01:00:00', 'UTC', 'UTC') IS NOT NULL
            ; args=None; alias=default
(0.047) SET SESSION TRANSACTION ISOLATION LEVEL READ COMMITTED; args=None; alias=default
(0.047) SELECT `auth_user`.`id`, `auth_user`.`password`, `auth_user`.`last_login`, `auth_user`.`is_superuser`, `auth_user`.`username`, `auth_user`.`first_name`, `auth_user`.`last_name`, `auth_user`.`email`, `auth_user`.`is_staff`, `auth_user`.`is_active`, `auth_user`.`date_joined` FROM `auth_user` WHERE `auth_user`.`username` = 'admin' LIMIT 21; args=('admin',); alias=default
(0.047) SELECT 1 AS `a` FROM `django_session` WHERE `django_session`.`session_key` = '1gobvc6nubat2x3sxl99ndp6077l3tqp' LIMIT 1; args=(1, '1gobvc6nubat2x3sxl99ndp6077l3tqp'); alias=default
(0.047) BEGIN; args=None; alias=default
(0.047) INSERT INTO `django_session` (`session_key`, `session_data`, `expire_date`) VALUES ('1gobvc6nubat2x3sxl99ndp6077l3tqp', 'e30:1tx0PU:SxXN-bFYPObMiBWuCE97q1cG5eKlfEfgO21cTgmpT4c', '2025-04-08 09:17:24.754833'); args=('1gobvc6nubat2x3sxl99ndp6077l3tqp', 'e30:1tx0PU:SxXN-bFYPObMiBWuCE97q1cG5eKlfEfgO21cTgmpT4c', '2025-04-08 09:17:24.754833'); alias=default
(0.063) COMMIT; args=None; alias=default
(0.047) UPDATE `auth_user` SET `last_login` = '2025-03-25 09:17:24.974091' WHERE `auth_user`.`id` = 1; args=('2025-03-25 09:17:24.974091', 1); alias=default
(0.047) BEGIN; args=None; alias=default
(0.047) UPDATE `django_session` SET `session_data` = '.eJxVjDkOwjAQAP_iGlnejQ-gpM8boj1sEkCJFCcV4u_IUgpoZ0bzNgPt2zjsNa_DpOZqwJx-GZM889yEPmi-L1aWeVsnti2xh622XzS_bkf7Nxipjm1LzgsFcQLKQQtd0LmowiEqUUnooQM8o8bsBXMCSNphKAU8IztvPl_2fjf-:1tx0PV:oAG090nCz8HuIrD4BtrkwVyR6WW1LPR4nnyd_fMyLec', `expire_date` = '2025-04-08 09:17:25.050477' WHERE `django_session`.`session_key` = '1gobvc6nubat2x3sxl99ndp6077l3tqp'; args=('.eJxVjDkOwjAQAP_iGlnejQ-gpM8boj1sEkCJFCcV4u_IUgpoZ0bzNgPt2zjsNa_DpOZqwJx-GZM889yEPmi-L1aWeVsnti2xh622XzS_bkf7Nxipjm1LzgsFcQLKQQtd0LmowiEqUUnooQM8o8bsBXMCSNphKAU8IztvPl_2fjf-:1tx0PV:oAG090nCz8HuIrD4BtrkwVyR6WW1LPR4nnyd_fMyLec', '2025-04-08 09:17:25.050477', '1gobvc6nubat2x3sxl99ndp6077l3tqp'); alias=default
(0.046) COMMIT; args=None; alias=default
(0.047) SELECT 1 AS `a` FROM `django_session` WHERE `django_session`.`session_key` = 'gonutgam7sc6e44vhjwsaxfhjv55q5uk' LIMIT 1; args=(1, 'gonutgam7sc6e44vhjwsaxfhjv55q5uk'); alias=default
(0.047) BEGIN; args=None; alias=default
(0.062) INSERT INTO `django_session` (`session_key`, `session_data`, `expire_date`) VALUES ('gonutgam7sc6e44vhjwsaxfhjv55q5uk', 'e30:1tx0PW:lSxNfpJ4lqRQ6cXfBOFpOiIeqM6LdjLDc-UaTBqo8to', '2025-04-08 09:17:26.623585'); args=('gonutgam7sc6e44vhjwsaxfhjv55q5uk', 'e30:1tx0PW:lSxNfpJ4lqRQ6cXfBOFpOiIeqM6LdjLDc-UaTBqo8to', '2025-04-08 09:17:26.623585'); alias=default
(0.047) COMMIT; args=None; alias=default
(0.047) UPDATE `auth_user` SET `last_login` = '2025-03-25 09:17:26.819785' WHERE `auth_user`.`id` = 1; args=('2025-03-25 09:17:26.819785', 1); alias=default
(0.032) BEGIN; args=None; alias=default
(0.047) UPDATE `django_session` SET `session_data` = '.eJxVjDkOwjAQAP_iGlnejQ-gpM8boj1sEkCJFCcV4u_IUgpoZ0bzNgPt2zjsNa_DpOZqwJx-GZM889yEPmi-L1aWeVsnti2xh622XzS_bkf7Nxipjm1LzgsFcQLKQQtd0LmowiEqUUnooQM8o8bsBXMCSNphKAU8IztvPl_2fjf-:1tx0PW:dgHceolm9Hj2rKdJGiBLZH7wlFl47e6QL2AZu-QQdIY', `expire_date` = '2025-04-08 09:17:26.875774' WHERE `django_session`.`session_key` = 'gonutgam7sc6e44vhjwsaxfhjv55q5uk'; args=('.eJxVjDkOwjAQAP_iGlnejQ-gpM8boj1sEkCJFCcV4u_IUgpoZ0bzNgPt2zjsNa_DpOZqwJx-GZM889yEPmi-L1aWeVsnti2xh622XzS_bkf7Nxipjm1LzgsFcQLKQQtd0LmowiEqUUnooQM8o8bsBXMCSNphKAU8IztvPl_2fjf-:1tx0PW:dgHceolm9Hj2rKdJGiBLZH7wlFl47e6QL2AZu-QQdIY', '2025-04-08 09:17:26.875774', 'gonutgam7sc6e44vhjwsaxfhjv55q5uk'); alias=default
(0.063) COMMIT; args=None; alias=default
(0.047) SET SESSION TRANSACTION ISOLATION LEVEL READ COMMITTED; args=None; alias=default
(0.047) SELECT `django_session`.`session_key`, `django_session`.`session_data`, `django_session`.`expire_date` FROM `django_session` WHERE (`django_session`.`expire_date` > '2025-03-25 09:17:27.099664' AND `django_session`.`session_key` = 'gonutgam7sc6e44vhjwsaxfhjv55q5uk') LIMIT 21; args=('2025-03-25 09:17:27.099664', 'gonutgam7sc6e44vhjwsaxfhjv55q5uk'); alias=default
(0.047) SELECT `auth_user`.`id`, `auth_user`.`password`, `auth_user`.`last_login`, `auth_user`.`is_superuser`, `auth_user`.`username`, `auth_user`.`first_name`, `auth_user`.`last_name`, `auth_user`.`email`, `auth_user`.`is_staff`, `auth_user`.`is_active`, `auth_user`.`date_joined` FROM `auth_user` WHERE `auth_user`.`id` = 1 LIMIT 21; args=(1,); alias=default
(0.047) SELECT `django_admin_log`.`id`, `django_admin_log`.`action_time`, `django_admin_log`.`user_id`, `django_admin_log`.`content_type_id`, `django_admin_log`.`object_id`, `django_admin_log`.`object_repr`, `django_admin_log`.`action_flag`, `django_admin_log`.`change_message`, `auth_user`.`id`, `auth_user`.`password`, `auth_user`.`last_login`, `auth_user`.`is_superuser`, `auth_user`.`username`, `auth_user`.`first_name`, `auth_user`.`last_name`, `auth_user`.`email`, `auth_user`.`is_staff`, `auth_user`.`is_active`, `auth_user`.`date_joined`, `django_content_type`.`id`, `django_content_type`.`app_label`, `django_content_type`.`model` FROM `django_admin_log` INNER JOIN `auth_user` ON (`django_admin_log`.`user_id` = `auth_user`.`id`) LEFT OUTER JOIN `django_content_type` ON (`django_admin_log`.`content_type_id` = `django_content_type`.`id`) WHERE `django_admin_log`.`user_id` = 1 ORDER BY `django_admin_log`.`action_time` DESC LIMIT 10; args=(1,); alias=default
(0.046) SET SESSION TRANSACTION ISOLATION LEVEL READ COMMITTED; args=None; alias=default
(0.047) SELECT `django_session`.`session_key`, `django_session`.`session_data`, `django_session`.`expire_date` FROM `django_session` WHERE (`django_session`.`expire_date` > '2025-03-25 09:17:38.948139' AND `django_session`.`session_key` = 'gonutgam7sc6e44vhjwsaxfhjv55q5uk') LIMIT 21; args=('2025-03-25 09:17:38.948139', 'gonutgam7sc6e44vhjwsaxfhjv55q5uk'); alias=default
(0.047) SELECT `auth_user`.`id`, `auth_user`.`password`, `auth_user`.`last_login`, `auth_user`.`is_superuser`, `auth_user`.`username`, `auth_user`.`first_name`, `auth_user`.`last_name`, `auth_user`.`email`, `auth_user`.`is_staff`, `auth_user`.`is_active`, `auth_user`.`date_joined` FROM `auth_user` WHERE `auth_user`.`id` = 1 LIMIT 21; args=(1,); alias=default
(0.063) SET SESSION TRANSACTION ISOLATION LEVEL READ COMMITTED; args=None; alias=default
(0.046) SELECT `django_session`.`session_key`, `django_session`.`session_data`, `django_session`.`expire_date` FROM `django_session` WHERE (`django_session`.`expire_date` > '2025-03-25 09:17:39.448024' AND `django_session`.`session_key` = 'gonutgam7sc6e44vhjwsaxfhjv55q5uk') LIMIT 21; args=('2025-03-25 09:17:39.448024', 'gonutgam7sc6e44vhjwsaxfhjv55q5uk'); alias=default
(0.047) SELECT `auth_user`.`id`, `auth_user`.`password`, `auth_user`.`last_login`, `auth_user`.`is_superuser`, `auth_user`.`username`, `auth_user`.`first_name`, `auth_user`.`last_name`, `auth_user`.`email`, `auth_user`.`is_staff`, `auth_user`.`is_active`, `auth_user`.`date_joined` FROM `auth_user` WHERE `auth_user`.`id` = 1 LIMIT 21; args=(1,); alias=default
(0.047) SELECT `django_admin_log`.`id`, `django_admin_log`.`action_time`, `django_admin_log`.`user_id`, `django_admin_log`.`content_type_id`, `django_admin_log`.`object_id`, `django_admin_log`.`object_repr`, `django_admin_log`.`action_flag`, `django_admin_log`.`change_message`, `auth_user`.`id`, `auth_user`.`password`, `auth_user`.`last_login`, `auth_user`.`is_superuser`, `auth_user`.`username`, `auth_user`.`first_name`, `auth_user`.`last_name`, `auth_user`.`email`, `auth_user`.`is_staff`, `auth_user`.`is_active`, `auth_user`.`date_joined`, `django_content_type`.`id`, `django_content_type`.`app_label`, `django_content_type`.`model` FROM `django_admin_log` INNER JOIN `auth_user` ON (`django_admin_log`.`user_id` = `auth_user`.`id`) LEFT OUTER JOIN `django_content_type` ON (`django_admin_log`.`content_type_id` = `django_content_type`.`id`) WHERE `django_admin_log`.`user_id` = 1 ORDER BY `django_admin_log`.`action_time` DESC LIMIT 10; args=(1,); alias=default
(0.047) SET SESSION TRANSACTION ISOLATION LEVEL READ COMMITTED; args=None; alias=default
(0.047) SELECT `django_session`.`session_key`, `django_session`.`session_data`, `django_session`.`expire_date` FROM `django_session` WHERE (`django_session`.`expire_date` > '2025-03-25 09:17:42.189613' AND `django_session`.`session_key` = 'gonutgam7sc6e44vhjwsaxfhjv55q5uk') LIMIT 21; args=('2025-03-25 09:17:42.189613', 'gonutgam7sc6e44vhjwsaxfhjv55q5uk'); alias=default
(0.047) SELECT `auth_user`.`id`, `auth_user`.`password`, `auth_user`.`last_login`, `auth_user`.`is_superuser`, `auth_user`.`username`, `auth_user`.`first_name`, `auth_user`.`last_name`, `auth_user`.`email`, `auth_user`.`is_staff`, `auth_user`.`is_active`, `auth_user`.`date_joined` FROM `auth_user` WHERE `auth_user`.`id` = 1 LIMIT 21; args=(1,); alias=default
(0.047) SELECT COUNT(*) AS `__count` FROM `books`; args=(); alias=default
(0.047) SELECT `books`.`id`, `books`.`title`, `books`.`author_id`, `books`.`category_id`, `books`.`publish_date`, `books`.`publish`, `books`.`description`, `books`.`genre`, `books`.`pages` FROM `books` LIMIT 10; args=(); alias=default
(0.047) SELECT `authors`.`id`, `authors`.`firstname`, `authors`.`lastname`, `authors`.`birth_date`, `authors`.`profile`, `authors`.`is_deleted`, `authors`.`created_at`, `authors`.`updated_at`, `authors`.`rate` FROM `authors` LIMIT 1000; args=(); alias=default
(0.047) SELECT `authors`.`id`, `authors`.`firstname`, `authors`.`lastname`, `authors`.`birth_date`, `authors`.`profile`, `authors`.`is_deleted`, `authors`.`created_at`, `authors`.`updated_at`, `authors`.`rate` FROM `authors`; args=(); alias=default
(0.093) SELECT `members`.`id`, `members`.`name`, `members`.`surname`, `members`.`email`, `members`.`gender`, `members`.`birth_date`, `members`.`age`, `members`.`role`, `members`.`is_active` FROM `members`; args=(); alias=default
(0.047) SET SESSION TRANSACTION ISOLATION LEVEL READ COMMITTED; args=None; alias=default
(0.062) SELECT `django_session`.`session_key`, `django_session`.`session_data`, `django_session`.`expire_date` FROM `django_session` WHERE (`django_session`.`expire_date` > '2025-03-25 09:18:43.893718' AND `django_session`.`session_key` = 'gonutgam7sc6e44vhjwsaxfhjv55q5uk') LIMIT 21; args=('2025-03-25 09:18:43.893718', 'gonutgam7sc6e44vhjwsaxfhjv55q5uk'); alias=default
(0.063) SELECT `auth_user`.`id`, `auth_user`.`password`, `auth_user`.`last_login`, `auth_user`.`is_superuser`, `auth_user`.`username`, `auth_user`.`first_name`, `auth_user`.`last_name`, `auth_user`.`email`, `auth_user`.`is_staff`, `auth_user`.`is_active`, `auth_user`.`date_joined` FROM `auth_user` WHERE `auth_user`.`id` = 1 LIMIT 21; args=(1,); alias=default
(0.047) SELECT `django_admin_log`.`id`, `django_admin_log`.`action_time`, `django_admin_log`.`user_id`, `django_admin_log`.`content_type_id`, `django_admin_log`.`object_id`, `django_admin_log`.`object_repr`, `django_admin_log`.`action_flag`, `django_admin_log`.`change_message`, `auth_user`.`id`, `auth_user`.`password`, `auth_user`.`last_login`, `auth_user`.`is_superuser`, `auth_user`.`username`, `auth_user`.`first_name`, `auth_user`.`last_name`, `auth_user`.`email`, `auth_user`.`is_staff`, `auth_user`.`is_active`, `auth_user`.`date_joined`, `django_content_type`.`id`, `django_content_type`.`app_label`, `django_content_type`.`model` FROM `django_admin_log` INNER JOIN `auth_user` ON (`django_admin_log`.`user_id` = `auth_user`.`id`) LEFT OUTER JOIN `django_content_type` ON (`django_admin_log`.`content_type_id` = `django_content_type`.`id`) WHERE `django_admin_log`.`user_id` = 1 ORDER BY `django_admin_log`.`action_time` DESC LIMIT 10; args=(1,); alias=default
(0.031) SET SESSION TRANSACTION ISOLATION LEVEL READ COMMITTED; args=None; alias=default
(0.047) SELECT `django_session`.`session_key`, `django_session`.`session_data`, `django_session`.`expire_date` FROM `django_session` WHERE (`django_session`.`expire_date` > '2025-03-25 09:18:57.285496' AND `django_session`.`session_key` = 'gonutgam7sc6e44vhjwsaxfhjv55q5uk') LIMIT 21; args=('2025-03-25 09:18:57.285496', 'gonutgam7sc6e44vhjwsaxfhjv55q5uk'); alias=default
(0.047) SELECT `auth_user`.`id`, `auth_user`.`password`, `auth_user`.`last_login`, `auth_user`.`is_superuser`, `auth_user`.`username`, `auth_user`.`first_name`, `auth_user`.`last_name`, `auth_user`.`email`, `auth_user`.`is_staff`, `auth_user`.`is_active`, `auth_user`.`date_joined` FROM `auth_user` WHERE `auth_user`.`id` = 1 LIMIT 21; args=(1,); alias=default
(0.047) BEGIN; args=None; alias=default
(0.047) SAVEPOINT `s19736_x1`; args=None; alias=default
(0.047) SELECT `django_content_type`.`id`, `django_content_type`.`app_label`, `django_content_type`.`model` FROM `django_content_type` WHERE (`django_content_type`.`app_label` = 'auth' AND `django_content_type`.`model` = 'user') LIMIT 21; args=('auth', 'user'); alias=default
(0.032) RELEASE SAVEPOINT `s19736_x1`; args=None; alias=default
(0.046) COMMIT; args=None; alias=default
(0.047) 
                SELECT VERSION(),
                       @@sql_mode,
                       @@default_storage_engine,
                       @@sql_auto_is_null,
                       @@lower_case_table_names,
                       CONVERT_TZ('2001-01-01 01:00:00', 'UTC', 'UTC') IS NOT NULL
            ; args=None; alias=default
(0.047) SET SESSION TRANSACTION ISOLATION LEVEL READ COMMITTED; args=None; alias=default
(0.047) SELECT `django_session`.`session_key`, `django_session`.`session_data`, `django_session`.`expire_date` FROM `django_session` WHERE (`django_session`.`expire_date` > '2025-03-25 09:18:58.736744' AND `django_session`.`session_key` = 'gonutgam7sc6e44vhjwsaxfhjv55q5uk') LIMIT 21; args=('2025-03-25 09:18:58.736744', 'gonutgam7sc6e44vhjwsaxfhjv55q5uk'); alias=default
(0.047) SELECT `auth_user`.`id`, `auth_user`.`password`, `auth_user`.`last_login`, `auth_user`.`is_superuser`, `auth_user`.`username`, `auth_user`.`first_name`, `auth_user`.`last_name`, `auth_user`.`email`, `auth_user`.`is_staff`, `auth_user`.`is_active`, `auth_user`.`date_joined` FROM `auth_user` WHERE `auth_user`.`id` = 1 LIMIT 21; args=(1,); alias=default
(0.031) 
                SELECT VERSION(),
                       @@sql_mode,
                       @@default_storage_engine,
                       @@sql_auto_is_null,
                       @@lower_case_table_names,
                       CONVERT_TZ('2001-01-01 01:00:00', 'UTC', 'UTC') IS NOT NULL
            ; args=None; alias=default
(0.046) SET SESSION TRANSACTION ISOLATION LEVEL READ COMMITTED; args=None; alias=default
(0.047) 
            SELECT
                table_name,
                table_type,
                table_comment
            FROM information_schema.tables
            WHERE table_schema = DATABASE()
            ; args=None; alias=default
(0.047) SELECT `django_migrations`.`id`, `django_migrations`.`app`, `django_migrations`.`name`, `django_migrations`.`applied` FROM `django_migrations`; args=(); alias=default
(0.047) 
                SELECT VERSION(),
                       @@sql_mode,
                       @@default_storage_engine,
                       @@sql_auto_is_null,
                       @@lower_case_table_names,
                       CONVERT_TZ('2001-01-01 01:00:00', 'UTC', 'UTC') IS NOT NULL
            ; args=None; alias=default
(0.062) SET SESSION TRANSACTION ISOLATION LEVEL READ COMMITTED; args=None; alias=default
(0.047) SELECT `django_session`.`session_key`, `django_session`.`session_data`, `django_session`.`expire_date` FROM `django_session` WHERE (`django_session`.`expire_date` > '2025-03-25 09:20:23.467021' AND `django_session`.`session_key` = 'gonutgam7sc6e44vhjwsaxfhjv55q5uk') LIMIT 21; args=('2025-03-25 09:20:23.467021', 'gonutgam7sc6e44vhjwsaxfhjv55q5uk'); alias=default
(0.047) SELECT `auth_user`.`id`, `auth_user`.`password`, `auth_user`.`last_login`, `auth_user`.`is_superuser`, `auth_user`.`username`, `auth_user`.`first_name`, `auth_user`.`last_name`, `auth_user`.`email`, `auth_user`.`is_staff`, `auth_user`.`is_active`, `auth_user`.`date_joined` FROM `auth_user` WHERE `auth_user`.`id` = 1 LIMIT 21; args=(1,); alias=default
(0.047) BEGIN; args=None; alias=default
(0.047) SAVEPOINT `s12612_x1`; args=None; alias=default
(0.047) SELECT 1 AS `a` FROM `auth_user` WHERE `auth_user`.`username` LIKE 'staff' LIMIT 1; args=(1, 'staff'); alias=default
(0.047) SELECT 1 AS `a` FROM `auth_user` WHERE `auth_user`.`username` = 'staff' LIMIT 1; args=(1, 'staff'); alias=default
(0.047) INSERT INTO `auth_user` (`password`, `last_login`, `is_superuser`, `username`, `first_name`, `last_name`, `email`, `is_staff`, `is_active`, `date_joined`) VALUES ('pbkdf2_sha256$870000$UoYsfI4tfLc2nUOmnh9c28$LFMkEblcHVxgxks1jucTpIBuDbmfO2AdqgD/MWOKShY=', NULL, 0, 'staff', '', '', '', 0, 1, '2025-03-25 09:20:24.126252'); args=['pbkdf2_sha256$870000$UoYsfI4tfLc2nUOmnh9c28$LFMkEblcHVxgxks1jucTpIBuDbmfO2AdqgD/MWOKShY=', None, False, 'staff', '', '', '', False, True, '2025-03-25 09:20:24.126252']; alias=default
(0.047) SELECT `django_content_type`.`id`, `django_content_type`.`app_label`, `django_content_type`.`model` FROM `django_content_type` WHERE (`django_content_type`.`app_label` = 'auth' AND `django_content_type`.`model` = 'user') LIMIT 21; args=('auth', 'user'); alias=default
(0.047) INSERT INTO `django_admin_log` (`action_time`, `user_id`, `content_type_id`, `object_id`, `object_repr`, `action_flag`, `change_message`) VALUES ('2025-03-25 09:20:27.302210', 1, 4, '3', 'staff', 1, '[{\"added\": {}}]'); args=['2025-03-25 09:20:27.302210', 1, 4, '3', 'staff', 1, '[{"added": {}}]']; alias=default
(0.047) RELEASE SAVEPOINT `s12612_x1`; args=None; alias=default
(0.047) COMMIT; args=None; alias=default
(0.047) SET SESSION TRANSACTION ISOLATION LEVEL READ COMMITTED; args=None; alias=default
(0.047) SELECT `django_session`.`session_key`, `django_session`.`session_data`, `django_session`.`expire_date` FROM `django_session` WHERE (`django_session`.`expire_date` > '2025-03-25 09:20:27.544851' AND `django_session`.`session_key` = 'gonutgam7sc6e44vhjwsaxfhjv55q5uk') LIMIT 21; args=('2025-03-25 09:20:27.544851', 'gonutgam7sc6e44vhjwsaxfhjv55q5uk'); alias=default
(0.047) SELECT `auth_user`.`id`, `auth_user`.`password`, `auth_user`.`last_login`, `auth_user`.`is_superuser`, `auth_user`.`username`, `auth_user`.`first_name`, `auth_user`.`last_name`, `auth_user`.`email`, `auth_user`.`is_staff`, `auth_user`.`is_active`, `auth_user`.`date_joined` FROM `auth_user` WHERE `auth_user`.`id` = 1 LIMIT 21; args=(1,); alias=default
(0.047) BEGIN; args=None; alias=default
(0.046) SELECT `auth_user`.`id`, `auth_user`.`password`, `auth_user`.`last_login`, `auth_user`.`is_superuser`, `auth_user`.`username`, `auth_user`.`first_name`, `auth_user`.`last_name`, `auth_user`.`email`, `auth_user`.`is_staff`, `auth_user`.`is_active`, `auth_user`.`date_joined` FROM `auth_user` WHERE `auth_user`.`id` = 3 LIMIT 21; args=(3,); alias=default
(0.031) SELECT `auth_group`.`id`, `auth_group`.`name` FROM `auth_group` INNER JOIN `auth_user_groups` ON (`auth_group`.`id` = `auth_user_groups`.`group_id`) WHERE `auth_user_groups`.`user_id` = 3; args=(3,); alias=default
(0.047) SELECT `auth_permission`.`id`, `auth_permission`.`name`, `auth_permission`.`content_type_id`, `auth_permission`.`codename` FROM `auth_permission` INNER JOIN `auth_user_user_permissions` ON (`auth_permission`.`id` = `auth_user_user_permissions`.`permission_id`) INNER JOIN `django_content_type` ON (`auth_permission`.`content_type_id` = `django_content_type`.`id`) WHERE `auth_user_user_permissions`.`user_id` = 3 ORDER BY `django_content_type`.`app_label` ASC, `django_content_type`.`model` ASC, `auth_permission`.`codename` ASC; args=(3,); alias=default
(0.047) COMMIT; args=None; alias=default
(0.047) SELECT `auth_group`.`id`, `auth_group`.`name` FROM `auth_group` ORDER BY `auth_group`.`name` ASC; args=(); alias=default
(0.047) SELECT `auth_permission`.`id`, `auth_permission`.`name`, `auth_permission`.`content_type_id`, `auth_permission`.`codename`, `django_content_type`.`id`, `django_content_type`.`app_label`, `django_content_type`.`model` FROM `auth_permission` INNER JOIN `django_content_type` ON (`auth_permission`.`content_type_id` = `django_content_type`.`id`) ORDER BY `django_content_type`.`app_label` ASC, `django_content_type`.`model` ASC, `auth_permission`.`codename` ASC; args=(); alias=default
(0.047) 
                SELECT VERSION(),
                       @@sql_mode,
                       @@default_storage_engine,
                       @@sql_auto_is_null,
                       @@lower_case_table_names,
                       CONVERT_TZ('2001-01-01 01:00:00', 'UTC', 'UTC') IS NOT NULL
            ; args=None; alias=default
(0.047) SET SESSION TRANSACTION ISOLATION LEVEL READ COMMITTED; args=None; alias=default
(0.047) SELECT `django_session`.`session_key`, `django_session`.`session_data`, `django_session`.`expire_date` FROM `django_session` WHERE (`django_session`.`expire_date` > '2025-03-25 09:20:28.971401' AND `django_session`.`session_key` = 'gonutgam7sc6e44vhjwsaxfhjv55q5uk') LIMIT 21; args=('2025-03-25 09:20:28.971401', 'gonutgam7sc6e44vhjwsaxfhjv55q5uk'); alias=default
(0.063) SELECT `auth_user`.`id`, `auth_user`.`password`, `auth_user`.`last_login`, `auth_user`.`is_superuser`, `auth_user`.`username`, `auth_user`.`first_name`, `auth_user`.`last_name`, `auth_user`.`email`, `auth_user`.`is_staff`, `auth_user`.`is_active`, `auth_user`.`date_joined` FROM `auth_user` WHERE `auth_user`.`id` = 1 LIMIT 21; args=(1,); alias=default
(0.047) 
                SELECT VERSION(),
                       @@sql_mode,
                       @@default_storage_engine,
                       @@sql_auto_is_null,
                       @@lower_case_table_names,
                       CONVERT_TZ('2001-01-01 01:00:00', 'UTC', 'UTC') IS NOT NULL
            ; args=None; alias=default
(0.047) SET SESSION TRANSACTION ISOLATION LEVEL READ COMMITTED; args=None; alias=default
(0.046) SELECT `django_session`.`session_key`, `django_session`.`session_data`, `django_session`.`expire_date` FROM `django_session` WHERE (`django_session`.`expire_date` > '2025-03-25 09:20:52.824918' AND `django_session`.`session_key` = 'gonutgam7sc6e44vhjwsaxfhjv55q5uk') LIMIT 21; args=('2025-03-25 09:20:52.824918', 'gonutgam7sc6e44vhjwsaxfhjv55q5uk'); alias=default
(0.047) SELECT `auth_user`.`id`, `auth_user`.`password`, `auth_user`.`last_login`, `auth_user`.`is_superuser`, `auth_user`.`username`, `auth_user`.`first_name`, `auth_user`.`last_name`, `auth_user`.`email`, `auth_user`.`is_staff`, `auth_user`.`is_active`, `auth_user`.`date_joined` FROM `auth_user` WHERE `auth_user`.`id` = 1 LIMIT 21; args=(1,); alias=default
(0.047) BEGIN; args=None; alias=default
(0.047) SELECT `auth_user`.`id`, `auth_user`.`password`, `auth_user`.`last_login`, `auth_user`.`is_superuser`, `auth_user`.`username`, `auth_user`.`first_name`, `auth_user`.`last_name`, `auth_user`.`email`, `auth_user`.`is_staff`, `auth_user`.`is_active`, `auth_user`.`date_joined` FROM `auth_user` WHERE `auth_user`.`id` = 3 LIMIT 21; args=(3,); alias=default
(0.047) SELECT `auth_group`.`id`, `auth_group`.`name` FROM `auth_group` INNER JOIN `auth_user_groups` ON (`auth_group`.`id` = `auth_user_groups`.`group_id`) WHERE `auth_user_groups`.`user_id` = 3; args=(3,); alias=default
(0.046) SELECT `auth_permission`.`id`, `auth_permission`.`name`, `auth_permission`.`content_type_id`, `auth_permission`.`codename` FROM `auth_permission` INNER JOIN `auth_user_user_permissions` ON (`auth_permission`.`id` = `auth_user_user_permissions`.`permission_id`) INNER JOIN `django_content_type` ON (`auth_permission`.`content_type_id` = `django_content_type`.`id`) WHERE `auth_user_user_permissions`.`user_id` = 3 ORDER BY `django_content_type`.`app_label` ASC, `django_content_type`.`model` ASC, `auth_permission`.`codename` ASC; args=(3,); alias=default
(0.047) SELECT 1 AS `a` FROM `auth_user` WHERE (`auth_user`.`username` = 'staff' AND NOT (`auth_user`.`id` = 3)) LIMIT 1; args=(1, 'staff', 3); alias=default
(0.046) UPDATE `auth_user` SET `password` = 'pbkdf2_sha256$870000$UoYsfI4tfLc2nUOmnh9c28$LFMkEblcHVxgxks1jucTpIBuDbmfO2AdqgD/MWOKShY=', `last_login` = NULL, `is_superuser` = 0, `username` = 'staff', `first_name` = '', `last_name` = '', `email` = '', `is_staff` = 1, `is_active` = 1, `date_joined` = '2025-03-25 09:20:24' WHERE `auth_user`.`id` = 3; args=('pbkdf2_sha256$870000$UoYsfI4tfLc2nUOmnh9c28$LFMkEblcHVxgxks1jucTpIBuDbmfO2AdqgD/MWOKShY=', False, 'staff', '', '', '', True, True, '2025-03-25 09:20:24', 3); alias=default
(0.047) SELECT `auth_group`.`id` FROM `auth_group` INNER JOIN `auth_user_groups` ON (`auth_group`.`id` = `auth_user_groups`.`group_id`) WHERE `auth_user_groups`.`user_id` = 3; args=(3,); alias=default
(0.047) SELECT `auth_permission`.`id` FROM `auth_permission` INNER JOIN `auth_user_user_permissions` ON (`auth_permission`.`id` = `auth_user_user_permissions`.`permission_id`) INNER JOIN `django_content_type` ON (`auth_permission`.`content_type_id` = `django_content_type`.`id`) WHERE `auth_user_user_permissions`.`user_id` = 3 ORDER BY `django_content_type`.`app_label` ASC, `django_content_type`.`model` ASC, `auth_permission`.`codename` ASC; args=(3,); alias=default
(0.047) INSERT INTO `django_admin_log` (`action_time`, `user_id`, `content_type_id`, `object_id`, `object_repr`, `action_flag`, `change_message`) VALUES ('2025-03-25 09:20:53.815218', 1, 4, '3', 'staff', 2, '[{\"changed\": {\"fields\": [\"Staff status\"]}}]'); args=['2025-03-25 09:20:53.815218', 1, 4, '3', 'staff', 2, '[{"changed": {"fields": ["Staff status"]}}]']; alias=default
(0.062) COMMIT; args=None; alias=default
(0.047) SET SESSION TRANSACTION ISOLATION LEVEL READ COMMITTED; args=None; alias=default
(0.047) SELECT `django_session`.`session_key`, `django_session`.`session_data`, `django_session`.`expire_date` FROM `django_session` WHERE (`django_session`.`expire_date` > '2025-03-25 09:20:53.979622' AND `django_session`.`session_key` = 'gonutgam7sc6e44vhjwsaxfhjv55q5uk') LIMIT 21; args=('2025-03-25 09:20:53.979622', 'gonutgam7sc6e44vhjwsaxfhjv55q5uk'); alias=default
(0.047) SELECT `auth_user`.`id`, `auth_user`.`password`, `auth_user`.`last_login`, `auth_user`.`is_superuser`, `auth_user`.`username`, `auth_user`.`first_name`, `auth_user`.`last_name`, `auth_user`.`email`, `auth_user`.`is_staff`, `auth_user`.`is_active`, `auth_user`.`date_joined` FROM `auth_user` WHERE `auth_user`.`id` = 1 LIMIT 21; args=(1,); alias=default
(0.047) SELECT `auth_group`.`id`, `auth_group`.`name` FROM `auth_group` ORDER BY `auth_group`.`name` ASC; args=(); alias=default
(0.047) SELECT COUNT(*) AS `__count` FROM `auth_user`; args=(); alias=default
(0.047) SELECT COUNT(*) AS `__count` FROM `auth_user`; args=(); alias=default
(0.047) SELECT `auth_user`.`id`, `auth_user`.`password`, `auth_user`.`last_login`, `auth_user`.`is_superuser`, `auth_user`.`username`, `auth_user`.`first_name`, `auth_user`.`last_name`, `auth_user`.`email`, `auth_user`.`is_staff`, `auth_user`.`is_active`, `auth_user`.`date_joined` FROM `auth_user` ORDER BY `auth_user`.`username` ASC; args=(); alias=default
(0.047) SET SESSION TRANSACTION ISOLATION LEVEL READ COMMITTED; args=None; alias=default
(0.062) SELECT `django_session`.`session_key`, `django_session`.`session_data`, `django_session`.`expire_date` FROM `django_session` WHERE (`django_session`.`expire_date` > '2025-03-25 09:20:55.171820' AND `django_session`.`session_key` = 'gonutgam7sc6e44vhjwsaxfhjv55q5uk') LIMIT 21; args=('2025-03-25 09:20:55.171820', 'gonutgam7sc6e44vhjwsaxfhjv55q5uk'); alias=default
(0.047) SELECT `auth_user`.`id`, `auth_user`.`password`, `auth_user`.`last_login`, `auth_user`.`is_superuser`, `auth_user`.`username`, `auth_user`.`first_name`, `auth_user`.`last_name`, `auth_user`.`email`, `auth_user`.`is_staff`, `auth_user`.`is_active`, `auth_user`.`date_joined` FROM `auth_user` WHERE `auth_user`.`id` = 1 LIMIT 21; args=(1,); alias=default
(0.047) SET SESSION TRANSACTION ISOLATION LEVEL READ COMMITTED; args=None; alias=default
(0.047) SELECT `django_session`.`session_key`, `django_session`.`session_data`, `django_session`.`expire_date` FROM `django_session` WHERE (`django_session`.`expire_date` > '2025-03-25 09:21:00.911272' AND `django_session`.`session_key` = 'gonutgam7sc6e44vhjwsaxfhjv55q5uk') LIMIT 21; args=('2025-03-25 09:21:00.911272', 'gonutgam7sc6e44vhjwsaxfhjv55q5uk'); alias=default
(0.047) SELECT `auth_user`.`id`, `auth_user`.`password`, `auth_user`.`last_login`, `auth_user`.`is_superuser`, `auth_user`.`username`, `auth_user`.`first_name`, `auth_user`.`last_name`, `auth_user`.`email`, `auth_user`.`is_staff`, `auth_user`.`is_active`, `auth_user`.`date_joined` FROM `auth_user` WHERE `auth_user`.`id` = 1 LIMIT 21; args=(1,); alias=default
(0.047) SELECT `django_session`.`session_key`, `django_session`.`session_data`, `django_session`.`expire_date` FROM `django_session` WHERE `django_session`.`session_key` = 'gonutgam7sc6e44vhjwsaxfhjv55q5uk' LIMIT 21; args=('gonutgam7sc6e44vhjwsaxfhjv55q5uk',); alias=default
(0.063) DELETE FROM `django_session` WHERE `django_session`.`session_key` IN ('gonutgam7sc6e44vhjwsaxfhjv55q5uk'); args=('gonutgam7sc6e44vhjwsaxfhjv55q5uk',); alias=default
(0.047) SET SESSION TRANSACTION ISOLATION LEVEL READ COMMITTED; args=None; alias=default
(0.062) SELECT `auth_user`.`id`, `auth_user`.`password`, `auth_user`.`last_login`, `auth_user`.`is_superuser`, `auth_user`.`username`, `auth_user`.`first_name`, `auth_user`.`last_name`, `auth_user`.`email`, `auth_user`.`is_staff`, `auth_user`.`is_active`, `auth_user`.`date_joined` FROM `auth_user` WHERE `auth_user`.`username` = 'staff' LIMIT 21; args=('staff',); alias=default
(0.047) SELECT 1 AS `a` FROM `django_session` WHERE `django_session`.`session_key` = 'e6wngi0uez3k2h3iomz9umrqwiw4h803' LIMIT 1; args=(1, 'e6wngi0uez3k2h3iomz9umrqwiw4h803'); alias=default
(0.063) BEGIN; args=None; alias=default
(0.047) INSERT INTO `django_session` (`session_key`, `session_data`, `expire_date`) VALUES ('e6wngi0uez3k2h3iomz9umrqwiw4h803', 'e30:1tx0Tg:1ugcvSmtsSDaJjDGMvcBJnZndv3qqc0csHQIhG3tZ4c', '2025-04-08 09:21:44.015466'); args=('e6wngi0uez3k2h3iomz9umrqwiw4h803', 'e30:1tx0Tg:1ugcvSmtsSDaJjDGMvcBJnZndv3qqc0csHQIhG3tZ4c', '2025-04-08 09:21:44.015466'); alias=default
(0.047) COMMIT; args=None; alias=default
(0.063) UPDATE `auth_user` SET `last_login` = '2025-03-25 09:21:44.217920' WHERE `auth_user`.`id` = 3; args=('2025-03-25 09:21:44.217920', 3); alias=default
(0.047) BEGIN; args=None; alias=default
(0.047) UPDATE `django_session` SET `session_data` = '.eJxVjMsOwiAQRf-FtSE8C7h07zeQGRikaiAp7cr479qkC93ec859sQjbWuM2aIlzZmem2el3Q0gPajvId2i3zlNv6zIj3xV-0MGvPdPzcrh_BxVG_dYl2OSsLI5kKJOxyqMuJinINvkARGqSUhMVLAJ8wGy90iILJZRD4wN7fwDuWjfg:1tx0Tg:a1yP-bfkbsBzKt2i2D1bpENJ2iMETshF48jk7PulV6w', `expire_date` = '2025-04-08 09:21:44.270105' WHERE `django_session`.`session_key` = 'e6wngi0uez3k2h3iomz9umrqwiw4h803'; args=('.eJxVjMsOwiAQRf-FtSE8C7h07zeQGRikaiAp7cr479qkC93ec859sQjbWuM2aIlzZmem2el3Q0gPajvId2i3zlNv6zIj3xV-0MGvPdPzcrh_BxVG_dYl2OSsLI5kKJOxyqMuJinINvkARGqSUhMVLAJ8wGy90iILJZRD4wN7fwDuWjfg:1tx0Tg:a1yP-bfkbsBzKt2i2D1bpENJ2iMETshF48jk7PulV6w', '2025-04-08 09:21:44.270105', 'e6wngi0uez3k2h3iomz9umrqwiw4h803'); alias=default
(0.047) COMMIT; args=None; alias=default
(0.047) SET SESSION TRANSACTION ISOLATION LEVEL READ COMMITTED; args=None; alias=default
(0.046) SELECT `django_session`.`session_key`, `django_session`.`session_data`, `django_session`.`expire_date` FROM `django_session` WHERE (`django_session`.`expire_date` > '2025-03-25 09:21:44.474220' AND `django_session`.`session_key` = 'e6wngi0uez3k2h3iomz9umrqwiw4h803') LIMIT 21; args=('2025-03-25 09:21:44.474220', 'e6wngi0uez3k2h3iomz9umrqwiw4h803'); alias=default
(0.047) SELECT `auth_user`.`id`, `auth_user`.`password`, `auth_user`.`last_login`, `auth_user`.`is_superuser`, `auth_user`.`username`, `auth_user`.`first_name`, `auth_user`.`last_name`, `auth_user`.`email`, `auth_user`.`is_staff`, `auth_user`.`is_active`, `auth_user`.`date_joined` FROM `auth_user` WHERE `auth_user`.`id` = 3 LIMIT 21; args=(3,); alias=default
(0.047) SELECT `django_content_type`.`app_label`, `auth_permission`.`codename` FROM `auth_permission` INNER JOIN `auth_user_user_permissions` ON (`auth_permission`.`id` = `auth_user_user_permissions`.`permission_id`) INNER JOIN `django_content_type` ON (`auth_permission`.`content_type_id` = `django_content_type`.`id`) WHERE `auth_user_user_permissions`.`user_id` = 3; args=(3,); alias=default
(0.047) SELECT `django_content_type`.`app_label`, `auth_permission`.`codename` FROM `auth_permission` INNER JOIN `auth_group_permissions` ON (`auth_permission`.`id` = `auth_group_permissions`.`permission_id`) INNER JOIN `auth_group` ON (`auth_group_permissions`.`group_id` = `auth_group`.`id`) INNER JOIN `auth_user_groups` ON (`auth_group`.`id` = `auth_user_groups`.`group_id`) INNER JOIN `django_content_type` ON (`auth_permission`.`content_type_id` = `django_content_type`.`id`) WHERE `auth_user_groups`.`user_id` = 3; args=(3,); alias=default
(0.047) SELECT `django_admin_log`.`id`, `django_admin_log`.`action_time`, `django_admin_log`.`user_id`, `django_admin_log`.`content_type_id`, `django_admin_log`.`object_id`, `django_admin_log`.`object_repr`, `django_admin_log`.`action_flag`, `django_admin_log`.`change_message`, `auth_user`.`id`, `auth_user`.`password`, `auth_user`.`last_login`, `auth_user`.`is_superuser`, `auth_user`.`username`, `auth_user`.`first_name`, `auth_user`.`last_name`, `auth_user`.`email`, `auth_user`.`is_staff`, `auth_user`.`is_active`, `auth_user`.`date_joined`, `django_content_type`.`id`, `django_content_type`.`app_label`, `django_content_type`.`model` FROM `django_admin_log` INNER JOIN `auth_user` ON (`django_admin_log`.`user_id` = `auth_user`.`id`) LEFT OUTER JOIN `django_content_type` ON (`django_admin_log`.`content_type_id` = `django_content_type`.`id`) WHERE `django_admin_log`.`user_id` = 3 ORDER BY `django_admin_log`.`action_time` DESC LIMIT 10; args=(3,); alias=default
(0.047) SET SESSION TRANSACTION ISOLATION LEVEL READ COMMITTED; args=None; alias=default
(0.047) SELECT `django_session`.`session_key`, `django_session`.`session_data`, `django_session`.`expire_date` FROM `django_session` WHERE (`django_session`.`expire_date` > '2025-03-25 09:21:49.653542' AND `django_session`.`session_key` = 'e6wngi0uez3k2h3iomz9umrqwiw4h803') LIMIT 21; args=('2025-03-25 09:21:49.653542', 'e6wngi0uez3k2h3iomz9umrqwiw4h803'); alias=default
(0.046) SELECT `auth_user`.`id`, `auth_user`.`password`, `auth_user`.`last_login`, `auth_user`.`is_superuser`, `auth_user`.`username`, `auth_user`.`first_name`, `auth_user`.`last_name`, `auth_user`.`email`, `auth_user`.`is_staff`, `auth_user`.`is_active`, `auth_user`.`date_joined` FROM `auth_user` WHERE `auth_user`.`id` = 3 LIMIT 21; args=(3,); alias=default
(0.047) SELECT COUNT(*) AS `__count` FROM `books`; args=(); alias=default
(0.047) SELECT `books`.`id`, `books`.`title`, `books`.`author_id`, `books`.`category_id`, `books`.`publish_date`, `books`.`publish`, `books`.`description`, `books`.`genre`, `books`.`pages` FROM `books` LIMIT 10; args=(); alias=default
(0.047) SELECT `authors`.`id`, `authors`.`firstname`, `authors`.`lastname`, `authors`.`birth_date`, `authors`.`profile`, `authors`.`is_deleted`, `authors`.`created_at`, `authors`.`updated_at`, `authors`.`rate` FROM `authors` LIMIT 1000; args=(); alias=default
(0.031) SELECT `authors`.`id`, `authors`.`firstname`, `authors`.`lastname`, `authors`.`birth_date`, `authors`.`profile`, `authors`.`is_deleted`, `authors`.`created_at`, `authors`.`updated_at`, `authors`.`rate` FROM `authors`; args=(); alias=default
(0.094) SELECT `members`.`id`, `members`.`name`, `members`.`surname`, `members`.`email`, `members`.`gender`, `members`.`birth_date`, `members`.`age`, `members`.`role`, `members`.`is_active` FROM `members`; args=(); alias=default
(0.047) 
                SELECT VERSION(),
                       @@sql_mode,
                       @@default_storage_engine,
                       @@sql_auto_is_null,
                       @@lower_case_table_names,
                       CONVERT_TZ('2001-01-01 01:00:00', 'UTC', 'UTC') IS NOT NULL
            ; args=None; alias=default
(0.046) SET SESSION TRANSACTION ISOLATION LEVEL READ COMMITTED; args=None; alias=default
(0.063) 
            SELECT
                table_name,
                table_type,
                table_comment
            FROM information_schema.tables
            WHERE table_schema = DATABASE()
            ; args=None; alias=default
(0.046) SELECT `django_migrations`.`id`, `django_migrations`.`app`, `django_migrations`.`name`, `django_migrations`.`applied` FROM `django_migrations`; args=(); alias=default
